\BOOKMARK [1][-]{Doc-Start}{Summary}{}% 1
\BOOKMARK [1][-]{section.1}{Introduction}{}% 2
\BOOKMARK [1][-]{section.2}{The formation of comets \046 asteroids in the early solar system}{}% 3
\BOOKMARK [2][-]{subsection.2.1}{Creation of asteroids and comets}{section.2}% 4
\BOOKMARK [2][-]{subsection.2.2}{Water distribution in the early states of the solar system and now - mainly referring to objects behind the frost lines}{section.2}% 5
\BOOKMARK [2][-]{subsection.2.3}{H/D ratio in comets and asteroids}{section.2}% 6
\BOOKMARK [2][-]{subsection.2.4}{Measurement data from 67P and comparison to the estimated / measured values from previous missions}{section.2}% 7
\BOOKMARK [1][-]{section.3}{Water content of terrestrial planets after their creation}{}% 8
\BOOKMARK [2][-]{subsection.3.1}{Formation of terrestrial planets in the early solar system}{section.3}% 9
\BOOKMARK [2][-]{subsection.3.2}{Water storage in terrestrial planets during formation}{section.3}% 10
\BOOKMARK [2][-]{subsection.3.3}{Water loss in terrestrial protoplanets}{section.3}% 11
\BOOKMARK [2][-]{subsection.3.4}{The current D/H ratio of terrestrial planets}{section.3}% 12
\BOOKMARK [1][-]{section.4}{The bombardment of Earth}{}% 13
\BOOKMARK [2][-]{subsection.4.1}{Main 2 - Late Bombardment Hypothesis}{section.4}% 14
\BOOKMARK [3][-]{subsubsection.4.1.1}{Section 1 - Comets}{subsection.4.1}% 15
\BOOKMARK [3][-]{subsubsection.4.1.2}{Section 2 - Asteroids}{subsection.4.1}% 16
\BOOKMARK [3][-]{subsubsection.4.1.3}{Section 3 - Planetesimals}{subsection.4.1}% 17
\BOOKMARK [3][-]{subsubsection.4.1.4}{Section 4 - ABEL Model}{subsection.4.1}% 18
\BOOKMARK [2][-]{subsection.4.2}{Main 3 - Early Accretion Model}{section.4}% 19
\BOOKMARK [2][-]{subsection.4.3}{Main 4 - Conclusion}{section.4}% 20
\BOOKMARK [1][-]{section.5}{Earths atmosphere compared to comets \046 asteroids}{}% 21
\BOOKMARK [1][-]{section.6}{Conclusion}{}% 22
\BOOKMARK [1][-]{section.7}{Recommendations}{}% 23
\BOOKMARK [1][-]{section.7}{References}{}% 24
